Base path: C:/Program Files/Unity/Editor/Data
Cmd: getPlatforms
Cmd: disassembleShader
  api=15 insize=1714 outsize=3025 ok=1
Cmd: disassembleShader
  api=17 insize=6302 outsize=8916 ok=1
Cmd: compileSnippet
  api=1 type=0 insize=4351 outsize=648 kw=DIRECTIONAL pd=UNITY_ENABLE_REFLECTION_BUFFERS UNITY_PBS_USE_BRDF1 UNITY_SPECCUBE_BOX_PROJECTION UNITY_SPECCUBE_BLENDING ok=1
Cmd: disassembleShader
  api=10 insize=648 outsize=1090 ok=1
Cmd: compileSnippet
  api=1 type=0 insize=4351 outsize=648 kw=POINT_COOKIE pd=UNITY_ENABLE_REFLECTION_BUFFERS UNITY_PBS_USE_BRDF1 UNITY_SPECCUBE_BOX_PROJECTION UNITY_SPECCUBE_BLENDING ok=1
Cmd: disassembleShader
  api=10 insize=648 outsize=1090 ok=1
Cmd: compileSnippet
  api=1 type=0 insize=4351 outsize=808 kw=SPOT SHADOWS_DEPTH pd=UNITY_ENABLE_REFLECTION_BUFFERS UNITY_PBS_USE_BRDF1 UNITY_SPECCUBE_BOX_PROJECTION UNITY_SPECCUBE_BLENDING ok=1
Cmd: disassembleShader
  api=10 insize=808 outsize=1324 ok=1
Cmd: compileSnippet
  api=4 type=0 insize=4351 outsize=1534 kw=DIRECTIONAL SHADOWS_SCREEN pd=UNITY_ENABLE_REFLECTION_BUFFERS UNITY_PBS_USE_BRDF1 UNITY_SPECCUBE_BOX_PROJECTION UNITY_SPECCUBE_BLENDING ok=1
Cmd: disassembleShader
  api=15 insize=1534 outsize=2800 ok=1
Cmd: compileSnippet
  api=1 type=0 insize=4351 outsize=728 kw=POINT_COOKIE SHADOWS_CUBE pd=UNITY_ENABLE_REFLECTION_BUFFERS UNITY_PBS_USE_BRDF1 UNITY_SPECCUBE_BOX_PROJECTION UNITY_SPECCUBE_BLENDING ok=1
Cmd: disassembleShader
  api=10 insize=728 outsize=1228 ok=1
Cmd: compileSnippet
  api=4 type=0 insize=4351 outsize=1698 kw=SPOT SHADOWS_DEPTH SHADOWS_SOFT pd=UNITY_ENABLE_REFLECTION_BUFFERS UNITY_PBS_USE_BRDF1 UNITY_SPECCUBE_BOX_PROJECTION UNITY_SPECCUBE_BLENDING ok=1
Cmd: disassembleShader
  api=15 insize=1698 outsize=2995 ok=1
Cmd: compileSnippet
  api=1 type=1 insize=4351 outsize=1976 kw=DIRECTIONAL pd=UNITY_ENABLE_REFLECTION_BUFFERS UNITY_PBS_USE_BRDF1 UNITY_SPECCUBE_BOX_PROJECTION UNITY_SPECCUBE_BLENDING ok=1
Cmd: disassembleShader
  api=12 insize=1976 outsize=3522 ok=1
Cmd: compileSnippet
  api=1 type=1 insize=4351 outsize=2356 kw=POINT_COOKIE pd=UNITY_ENABLE_REFLECTION_BUFFERS UNITY_PBS_USE_BRDF1 UNITY_SPECCUBE_BOX_PROJECTION UNITY_SPECCUBE_BLENDING ok=1
Cmd: disassembleShader
  api=12 insize=2356 outsize=4153 ok=1
Cmd: compileSnippet
  api=4 type=1 insize=4351 outsize=3690 kw=SPOT SHADOWS_DEPTH pd=UNITY_ENABLE_REFLECTION_BUFFERS UNITY_PBS_USE_BRDF1 UNITY_SPECCUBE_BOX_PROJECTION UNITY_SPECCUBE_BLENDING ok=1
Cmd: disassembleShader
  api=17 insize=3690 outsize=5229 ok=1
Cmd: compileSnippet
  api=1 type=1 insize=4351 outsize=2312 kw=DIRECTIONAL_COOKIE SHADOWS_SCREEN pd=UNITY_ENABLE_REFLECTION_BUFFERS UNITY_PBS_USE_BRDF1 UNITY_SPECCUBE_BOX_PROJECTION UNITY_SPECCUBE_BLENDING ok=1
Cmd: disassembleShader
  api=12 insize=2312 outsize=4044 ok=1
Cmd: compileSnippet
  api=4 type=1 insize=4351 outsize=3602 kw=POINT_COOKIE SHADOWS_CUBE pd=UNITY_ENABLE_REFLECTION_BUFFERS UNITY_PBS_USE_BRDF1 UNITY_SPECCUBE_BOX_PROJECTION UNITY_SPECCUBE_BLENDING ok=1
Cmd: disassembleShader
  api=17 insize=3602 outsize=5098 ok=1
Cmd: compileSnippet
  api=1 type=1 insize=4351 outsize=2736 kw=POINT SHADOWS_CUBE SHADOWS_SOFT pd=UNITY_ENABLE_REFLECTION_BUFFERS UNITY_PBS_USE_BRDF1 UNITY_SPECCUBE_BOX_PROJECTION UNITY_SPECCUBE_BLENDING ok=1
Cmd: disassembleShader
  api=12 insize=2736 outsize=4874 ok=1
Cmd: disassembleShader
  api=15 insize=1714 outsize=3025 ok=1
Cmd: disassembleShader
  api=17 insize=2298 outsize=4056 ok=1
